2024-05-22T16:05:47.580+05:30  INFO 11956 --- [main] lavalink.server.Launcher                 : Starting Launcher v4.0.5 using Java 21.0.2 with PID 11956 (D:\Github Projects\Aiko\Lavalink.jar started by abdul in D:\Github Projects\Aiko)
2024-05-22T16:05:47.586+05:30  INFO 11956 --- [main] lavalink.server.Launcher                 : No active profile set, falling back to 1 default profile: "default"
2024-05-22T16:05:48.564+05:30  INFO 11956 --- [main] lavalink.server.Launcher                 : Started Launcher in 1.522 seconds (process running for 2.033)
2024-05-22T16:05:48.638+05:30  INFO 11956 --- [main] lavalink.server.Launcher                 : 

[32m       .  [31m _                  _ _       _    [32m__ _ _
[32m      /\\ [31m| | __ ___   ____ _| (_)_ __ | | __[32m\ \ \ \
[32m     ( ( )[31m| |/ _` \ \ / / _` | | | '_ \| |/ /[32m \ \ \ \
[32m      \\/ [31m| | (_| |\ V / (_| | | | | | |   < [32m  ) ) ) )
[32m       '  [31m|_|\__,_| \_/ \__,_|_|_|_| |_|_|\_\[32m / / / /
[0m    =========================================[32m/_/_/_/[0m

	Version:        4.0.5
	Build time:     05.05.2024 20:57:48 UTC
	Branch          HEAD
	Commit:         9b88fb9
	Commit time:    05.05.2024 20:49:07 UTC
	JVM:            21.0.2
	Lavaplayer      2.1.2

2024-05-22T16:05:48.655+05:30  INFO 11956 --- [main] lavalink.server.Launcher                 : No active profile set, falling back to 1 default profile: "default"
2024-05-22T16:05:49.483+05:30  WARN 11956 --- [main] io.undertow.websockets.jsr               : UT026010: Buffer pool was not set on WebSocketDeploymentInfo, the default pool will be used
2024-05-22T16:05:49.519+05:30  INFO 11956 --- [main] io.undertow.servlet                      : Initializing Spring embedded WebApplicationContext
2024-05-22T16:05:49.520+05:30  INFO 11956 --- [main] w.s.c.ServletWebServerApplicationContext : Root WebApplicationContext: initialization completed in 858 ms
2024-05-22T16:05:49.700+05:30  INFO 11956 --- [main] c.s.d.l.tools.GarbageCollectionMonitor   : GC monitoring enabled, reporting results every 2 minutes.
2024-05-22T16:05:50.447+05:30  INFO 11956 --- [main] l.server.config.KoeConfiguration         : OS: WINDOWS, Arch: X86_64
2024-05-22T16:05:50.447+05:30  INFO 11956 --- [main] l.server.config.KoeConfiguration         : Enabling JDA-NAS
2024-05-22T16:05:50.450+05:30  INFO 11956 --- [main] c.s.l.c.natives.NativeLibraryLoader      : Native library udpqueue: loading with filter null
2024-05-22T16:05:50.543+05:30  INFO 11956 --- [main] c.s.l.c.natives.NativeLibraryLoader      : Native library udpqueue: successfully loaded.
2024-05-22T16:05:50.612+05:30  WARN 11956 --- [main] l.server.config.SentryConfiguration      : Turning off sentry
2024-05-22T16:05:50.951+05:30  INFO 11956 --- [main] io.undertow                              : starting server: Undertow - 2.3.6.Final
2024-05-22T16:05:50.963+05:30  INFO 11956 --- [main] org.xnio                                 : XNIO version 3.8.8.Final
2024-05-22T16:05:50.973+05:30  INFO 11956 --- [main] org.xnio.nio                             : XNIO NIO Implementation Version 3.8.8.Final
2024-05-22T16:05:51.081+05:30  INFO 11956 --- [main] org.jboss.threads                        : JBoss Threads version 3.5.0.Final
2024-05-22T16:05:51.149+05:30  INFO 11956 --- [main] o.s.b.w.e.undertow.UndertowWebServer     : Undertow started on port(s) 2333 (http)
2024-05-22T16:05:51.153+05:30  INFO 11956 --- [main] lavalink.server.Launcher                 : Started Launcher in 2.582 seconds (process running for 4.622)
2024-05-22T16:05:51.154+05:30  INFO 11956 --- [main] lavalink.server.Launcher                 : Lavalink is ready to accept connections.
2024-05-22T16:14:18.814+05:30  INFO 13576 --- [main] lavalink.server.Launcher                 : Starting Launcher v4.0.5 using Java 21.0.2 with PID 13576 (D:\Github Projects\Aiko\Lavalink.jar started by abdul in D:\Github Projects\Aiko)
2024-05-22T16:14:18.821+05:30  INFO 13576 --- [main] lavalink.server.Launcher                 : No active profile set, falling back to 1 default profile: "default"
2024-05-22T16:14:20.001+05:30  INFO 13576 --- [main] lavalink.server.Launcher                 : Started Launcher in 1.727 seconds (process running for 2.217)
2024-05-22T16:14:20.079+05:30  INFO 13576 --- [main] lavalink.server.Launcher                 : 

[32m       .  [31m _                  _ _       _    [32m__ _ _
[32m      /\\ [31m| | __ ___   ____ _| (_)_ __ | | __[32m\ \ \ \
[32m     ( ( )[31m| |/ _` \ \ / / _` | | | '_ \| |/ /[32m \ \ \ \
[32m      \\/ [31m| | (_| |\ V / (_| | | | | | |   < [32m  ) ) ) )
[32m       '  [31m|_|\__,_| \_/ \__,_|_|_|_| |_|_|\_\[32m / / / /
[0m    =========================================[32m/_/_/_/[0m

	Version:        4.0.5
	Build time:     05.05.2024 20:57:48 UTC
	Branch          HEAD
	Commit:         9b88fb9
	Commit time:    05.05.2024 20:49:07 UTC
	JVM:            21.0.2
	Lavaplayer      2.1.2

2024-05-22T16:14:20.090+05:30  INFO 13576 --- [main] lavalink.server.Launcher                 : No active profile set, falling back to 1 default profile: "default"
2024-05-22T16:14:20.833+05:30  WARN 13576 --- [main] io.undertow.websockets.jsr               : UT026010: Buffer pool was not set on WebSocketDeploymentInfo, the default pool will be used
2024-05-22T16:14:20.858+05:30  INFO 13576 --- [main] io.undertow.servlet                      : Initializing Spring embedded WebApplicationContext
2024-05-22T16:14:20.859+05:30  INFO 13576 --- [main] w.s.c.ServletWebServerApplicationContext : Root WebApplicationContext: initialization completed in 763 ms
2024-05-22T16:14:21.030+05:30  INFO 13576 --- [main] c.s.d.l.tools.GarbageCollectionMonitor   : GC monitoring enabled, reporting results every 2 minutes.
2024-05-22T16:14:21.801+05:30  INFO 13576 --- [main] l.server.config.KoeConfiguration         : OS: WINDOWS, Arch: X86_64
2024-05-22T16:14:21.802+05:30  INFO 13576 --- [main] l.server.config.KoeConfiguration         : Enabling JDA-NAS
2024-05-22T16:14:21.807+05:30  INFO 13576 --- [main] c.s.l.c.natives.NativeLibraryLoader      : Native library udpqueue: loading with filter null
2024-05-22T16:14:21.901+05:30  INFO 13576 --- [main] c.s.l.c.natives.NativeLibraryLoader      : Native library udpqueue: successfully loaded.
2024-05-22T16:14:21.974+05:30  WARN 13576 --- [main] l.server.config.SentryConfiguration      : Turning off sentry
2024-05-22T16:14:22.310+05:30  INFO 13576 --- [main] io.undertow                              : starting server: Undertow - 2.3.6.Final
2024-05-22T16:14:22.321+05:30  INFO 13576 --- [main] org.xnio                                 : XNIO version 3.8.8.Final
2024-05-22T16:14:22.335+05:30  INFO 13576 --- [main] org.xnio.nio                             : XNIO NIO Implementation Version 3.8.8.Final
2024-05-22T16:14:22.441+05:30  INFO 13576 --- [main] org.jboss.threads                        : JBoss Threads version 3.5.0.Final
2024-05-22T16:14:22.514+05:30  INFO 13576 --- [main] o.s.b.w.e.undertow.UndertowWebServer     : Undertow started on port(s) 2333 (http)
2024-05-22T16:14:22.518+05:30  INFO 13576 --- [main] lavalink.server.Launcher                 : Started Launcher in 2.508 seconds (process running for 4.735)
2024-05-22T16:14:22.520+05:30  INFO 13576 --- [main] lavalink.server.Launcher                 : Lavalink is ready to accept connections.
2024-05-22T16:22:45.683+05:30  INFO 13576 --- [SpringApplicationShutdownHook] io.undertow                              : stopping server: Undertow - 2.3.6.Final
2024-05-22T16:22:45.690+05:30  INFO 13576 --- [SpringApplicationShutdownHook] c.s.d.l.tools.GarbageCollectionMonitor   : GC monitoring disabled.
